<testsuites name="results">
  <testsuite name="all" package="all">
    <property name="random_seed" value="1769062274" />
    <testcase name="test_right_gesture" classname="test_gesture" file="/workspaces/FPGA-Matrix-Multiplication-Accelerator/tb/test_gesture.py" lineno="75" time="0.00030303001403808594" sim_time_ns="0.0" ratio_time="0.0">
      <failure message="Test failed with RANDOM_SEED=1769062274" />
    </testcase>
    <testcase name="test_left_gesture" classname="test_gesture" file="/workspaces/FPGA-Matrix-Multiplication-Accelerator/tb/test_gesture.py" lineno="98" time="0.0003018379211425781" sim_time_ns="0.001" ratio_time="3.3130363349131122">
      <failure message="Test failed with RANDOM_SEED=1769062274" />
    </testcase>
    <testcase name="test_up_gesture" classname="test_gesture" file="/workspaces/FPGA-Matrix-Multiplication-Accelerator/tb/test_gesture.py" lineno="119" time="0.00019502639770507812" sim_time_ns="0.001" ratio_time="5.1275110024449875">
      <failure message="Test failed with RANDOM_SEED=1769062274" />
    </testcase>
    <testcase name="test_down_gesture" classname="test_gesture" file="/workspaces/FPGA-Matrix-Multiplication-Accelerator/tb/test_gesture.py" lineno="140" time="0.0001914501190185547" sim_time_ns="0.001" ratio_time="5.223292652552927">
      <failure message="Test failed with RANDOM_SEED=1769062274" />
    </testcase>
    <testcase name="test_all_gestures_sequence" classname="test_gesture" file="/workspaces/FPGA-Matrix-Multiplication-Accelerator/tb/test_gesture.py" lineno="161" time="0.00019121170043945312" sim_time_ns="0.001" ratio_time="5.229805486284289">
      <failure message="Test failed with RANDOM_SEED=1769062274" />
    </testcase>
  </testsuite>
</testsuites>
